<?xml version="1.0" encoding="UTF-8" ?>
<testsuite tests="6" failures="0" name="examples.Chapter2Test" time="1.345" errors="0" skipped="0">
  <properties>
[...]
</properties>
  <testcase classname="examples.Chapter2Test" name="requestUsZipCode90210_checkPlaceNameInResponseBody_expectBeverlyHills" time="0.206"/>
  <testcase classname="examples.Chapter2Test" name="requestUsZipCode90210_checkStatusCode_expectHttp200" time="0.254"/>
  <testcase classname="examples.Chapter2Test" name="requestUsZipCode90210_logRequestAndResponseDetails" time="0.276"/>
  <testcase classname="examples.Chapter2Test" name="requestUsZipCode90210_checkListOfPlaceNamesInResponseBody_expectContainsBeverlyHills" time="0.208"/>
  <testcase classname="examples.Chapter2Test" name="requestUsZipCode90210_checkNumberOfPlaceNamesInResponseBody_expectOne" time="0.2"/>
  <testcase classname="examples.Chapter2Test" name="requestUsZipCode90210_checkContentType_expectApplicationJson" time="0.201"/>
</testsuite>